<?xml version="1.0" encoding="UTF-8"?>
<coverage generated="1594291484396" clover="3.2.0">
  <project timestamp="1594291484396" name="All files">
    <metrics statements="54" coveredstatements="49" conditionals="13" coveredconditionals="10" methods="13" coveredmethods="10" elements="80" coveredelements="69" complexity="0" loc="54" ncloc="54" packages="1" files="3" classes="3"/>
    <file name="app.ts" path="/Users/saracruz/code/labs/jest-demo/src/app.ts">
      <metrics statements="40" coveredstatements="40" conditionals="8" coveredconditionals="8" methods="8" coveredmethods="8"/>
      <line num="1" count="1" type="stmt"/>
      <line num="2" count="1" type="stmt"/>
      <line num="4" count="1" type="stmt"/>
      <line num="6" count="1" type="stmt"/>
      <line num="7" count="1" type="stmt"/>
      <line num="9" count="1" type="stmt"/>
      <line num="113" count="4" type="stmt"/>
      <line num="117" count="2" type="stmt"/>
      <line num="118" count="4" type="stmt"/>
      <line num="122" count="1" type="stmt"/>
      <line num="123" count="2" type="stmt"/>
      <line num="125" count="4" type="stmt"/>
      <line num="131" count="1" type="stmt"/>
      <line num="138" count="1" type="stmt"/>
      <line num="140" count="1" type="stmt"/>
      <line num="142" count="7000" type="cond" truecount="2" falsecount="0"/>
      <line num="144" count="1" type="stmt"/>
      <line num="149" count="1" type="stmt"/>
      <line num="152" count="1" type="stmt"/>
      <line num="153" count="1" type="stmt"/>
      <line num="154" count="1" type="stmt"/>
      <line num="155" count="1" type="stmt"/>
      <line num="156" count="1771" type="cond" truecount="2" falsecount="0"/>
      <line num="157" count="885" type="stmt"/>
      <line num="159" count="886" type="stmt"/>
      <line num="161" count="1771" type="cond" truecount="2" falsecount="0"/>
      <line num="162" count="1" type="stmt"/>
      <line num="163" count="1" type="stmt"/>
      <line num="166" count="1" type="stmt"/>
      <line num="168" count="1" type="stmt"/>
      <line num="173" count="1" type="stmt"/>
      <line num="175" count="1" type="stmt"/>
      <line num="177" count="1" type="stmt"/>
      <line num="178" count="2" type="stmt"/>
      <line num="179" count="2" type="stmt"/>
      <line num="180" count="2" type="stmt"/>
      <line num="181" count="2100" type="cond" truecount="2" falsecount="0"/>
      <line num="182" count="215" type="stmt"/>
      <line num="185" count="2" type="stmt"/>
      <line num="187" count="1" type="stmt"/>
    </file>
    <file name="filterByTerm.ts" path="/Users/saracruz/code/labs/jest-demo/src/filterByTerm.ts">
      <metrics statements="6" coveredstatements="6" conditionals="4" coveredconditionals="2" methods="2" coveredmethods="2"/>
      <line num="1" count="1" type="stmt"/>
      <line num="2" count="2" type="cond" truecount="1" falsecount="1"/>
      <line num="3" count="2" type="cond" truecount="1" falsecount="1"/>
      <line num="4" count="2" type="stmt"/>
      <line num="5" count="2" type="stmt"/>
      <line num="6" count="6" type="stmt"/>
    </file>
    <file name="handlers.ts" path="/Users/saracruz/code/labs/jest-demo/src/handlers.ts">
      <metrics statements="8" coveredstatements="3" conditionals="1" coveredconditionals="0" methods="3" coveredmethods="0"/>
      <line num="9" count="1" type="stmt"/>
      <line num="11" count="1" type="stmt"/>
      <line num="12" count="0" type="stmt"/>
      <line num="15" count="1" type="stmt"/>
      <line num="16" count="0" type="stmt"/>
      <line num="17" count="0" type="cond" truecount="0" falsecount="1"/>
      <line num="18" count="0" type="stmt"/>
      <line num="20" count="0" type="stmt"/>
    </file>
  </project>
</coverage>
