{"/Users/saracruz/code/labs/jest-demo/src/app.ts": {"path":"/Users/saracruz/code/labs/jest-demo/src/app.ts","statementMap":{"0":{"start":{"line":1,"column":0},"end":{"line":1,"column":30}},"1":{"start":{"line":2,"column":0},"end":{"line":2,"column":55}},"2":{"start":{"line":4,"column":13},"end":{"line":4,"column":29}},"3":{"start":{"line":6,"column":0},"end":{"line":6,"column":26}},"4":{"start":{"line":7,"column":0},"end":{"line":7,"column":38}},"5":{"start":{"line":9,"column":13},"end":{"line":110,"column":2}},"6":{"start":{"line":113,"column":2},"end":{"line":113,"column":34}},"7":{"start":{"line":117,"column":2},"end":{"line":119,"column":5}},"8":{"start":{"line":118,"column":4},"end":{"line":118,"column":28}},"9":{"start":{"line":123,"column":2},"end":{"line":128,"column":4}},"10":{"start":{"line":125,"column":6},"end":{"line":125,"column":19}},"11":{"start":{"line":122,"column":0},"end":{"line":122,"column":16}},"12":{"start":{"line":131,"column":0},"end":{"line":131,"column":23}},"13":{"start":{"line":138,"column":2},"end":{"line":138,"column":7004}},"14":{"start":{"line":140,"column":17},"end":{"line":142,"column":63}},"15":{"start":{"line":142,"column":37},"end":{"line":142,"column":58}},"16":{"start":{"line":144,"column":0},"end":{"line":144,"column":22}},"17":{"start":{"line":149,"column":2},"end":{"line":149,"column":7004}},"18":{"start":{"line":152,"column":20},"end":{"line":152,"column":33}},"19":{"start":{"line":153,"column":14},"end":{"line":153,"column":15}},"20":{"start":{"line":154,"column":31},"end":{"line":154,"column":32}},"21":{"start":{"line":155,"column":2},"end":{"line":165,"column":null}},"22":{"start":{"line":155,"column":15},"end":{"line":155,"column":16}},"23":{"start":{"line":156,"column":4},"end":{"line":160,"column":null}},"24":{"start":{"line":157,"column":6},"end":{"line":157,"column":14}},"25":{"start":{"line":159,"column":6},"end":{"line":159,"column":14}},"26":{"start":{"line":161,"column":4},"end":{"line":164,"column":null}},"27":{"start":{"line":162,"column":6},"end":{"line":162,"column":25}},"28":{"start":{"line":163,"column":6},"end":{"line":163,"column":12}},"29":{"start":{"line":166,"column":2},"end":{"line":166,"column":24}},"30":{"start":{"line":168,"column":0},"end":{"line":168,"column":24}},"31":{"start":{"line":173,"column":2},"end":{"line":173,"column":2102}},"32":{"start":{"line":175,"column":24},"end":{"line":175,"column":34}},"33":{"start":{"line":178,"column":20},"end":{"line":178,"column":34}},"34":{"start":{"line":179,"column":23},"end":{"line":179,"column":24}},"35":{"start":{"line":180,"column":2},"end":{"line":184,"column":null}},"36":{"start":{"line":180,"column":15},"end":{"line":180,"column":16}},"37":{"start":{"line":181,"column":4},"end":{"line":183,"column":null}},"38":{"start":{"line":182,"column":6},"end":{"line":182,"column":39}},"39":{"start":{"line":185,"column":2},"end":{"line":185,"column":16}},"40":{"start":{"line":177,"column":0},"end":{"line":177,"column":16}},"41":{"start":{"line":187,"column":0},"end":{"line":187,"column":36}}},"fnMap":{"0":{"name":"calculateMass","decl":{"start":{"line":112,"column":9},"end":{"line":112,"column":22}},"loc":{"start":{"line":112,"column":35},"end":{"line":114,"column":1}}},"1":{"name":"calculateFuelOfMasses","decl":{"start":{"line":116,"column":9},"end":{"line":116,"column":30}},"loc":{"start":{"line":116,"column":47},"end":{"line":120,"column":1}}},"2":{"name":"(anonymous_3)","decl":{"start":{"line":117,"column":20},"end":{"line":117,"column":21}},"loc":{"start":{"line":117,"column":42},"end":{"line":119,"column":3}}},"3":{"name":"totalFuel","decl":{"start":{"line":122,"column":16},"end":{"line":122,"column":25}},"loc":{"start":{"line":122,"column":42},"end":{"line":129,"column":1}}},"4":{"name":"(anonymous_5)","decl":{"start":{"line":124,"column":4},"end":{"line":124,"column":5}},"loc":{"start":{"line":124,"column":37},"end":{"line":126,"column":5}}},"5":{"name":"(anonymous_6)","decl":{"start":{"line":142,"column":10},"end":{"line":142,"column":11}},"loc":{"start":{"line":142,"column":37},"end":{"line":142,"column":58}}},"6":{"name":"position","decl":{"start":{"line":151,"column":9},"end":{"line":151,"column":17}},"loc":{"start":{"line":151,"column":17},"end":{"line":167,"column":1}}},"7":{"name":"pairs","decl":{"start":{"line":177,"column":16},"end":{"line":177,"column":21}},"loc":{"start":{"line":177,"column":34},"end":{"line":186,"column":1}}}},"branchMap":{"0":{"loc":{"start":{"line":142,"column":49},"end":{"line":142,"column":52}},"type":"cond-expr","locations":[{"start":{"line":142,"column":49},"end":{"line":142,"column":52}},{"start":{"line":142,"column":55},"end":{"line":142,"column":58}}]},"1":{"loc":{"start":{"line":156,"column":4},"end":{"line":160,"column":null}},"type":"if","locations":[{"start":{"line":156,"column":4},"end":{"line":160,"column":null}},{"start":{"line":156,"column":4},"end":{"line":160,"column":null}}]},"2":{"loc":{"start":{"line":161,"column":4},"end":{"line":164,"column":null}},"type":"if","locations":[{"start":{"line":161,"column":4},"end":{"line":164,"column":null}},{"start":{"line":161,"column":4},"end":{"line":164,"column":null}}]},"3":{"loc":{"start":{"line":181,"column":4},"end":{"line":183,"column":null}},"type":"if","locations":[{"start":{"line":181,"column":4},"end":{"line":183,"column":null}},{"start":{"line":181,"column":4},"end":{"line":183,"column":null}}]}},"s":{"0":1,"1":1,"2":1,"3":1,"4":1,"5":1,"6":4,"7":2,"8":4,"9":2,"10":4,"11":1,"12":1,"13":1,"14":1,"15":7000,"16":1,"17":1,"18":1,"19":1,"20":1,"21":1,"22":1,"23":1771,"24":885,"25":886,"26":1771,"27":1,"28":1,"29":1,"30":1,"31":1,"32":1,"33":2,"34":2,"35":2,"36":2,"37":2100,"38":215,"39":2,"40":1,"41":1},"f":{"0":4,"1":2,"2":4,"3":2,"4":4,"5":7000,"6":1,"7":2},"b":{"0":[3569,3431],"1":[885,886],"2":[1,1770],"3":[215,1885]}}
,"/Users/saracruz/code/labs/jest-demo/src/filterByTerm.ts": {"path":"/Users/saracruz/code/labs/jest-demo/src/filterByTerm.ts","statementMap":{"0":{"start":{"line":2,"column":2},"end":{"line":2,"column":61}},"1":{"start":{"line":2,"column":19},"end":{"line":2,"column":61}},"2":{"start":{"line":3,"column":2},"end":{"line":3,"column":64}},"3":{"start":{"line":3,"column":24},"end":{"line":3,"column":64}},"4":{"start":{"line":4,"column":16},"end":{"line":4,"column":43}},"5":{"start":{"line":5,"column":2},"end":{"line":7,"column":5}},"6":{"start":{"line":6,"column":4},"end":{"line":6,"column":41}},"7":{"start":{"line":1,"column":0},"end":{"line":1,"column":16}}},"fnMap":{"0":{"name":"filterByTerm","decl":{"start":{"line":1,"column":16},"end":{"line":1,"column":28}},"loc":{"start":{"line":1,"column":64},"end":{"line":8,"column":1}}},"1":{"name":"(anonymous_1)","decl":{"start":{"line":5,"column":25},"end":{"line":5,"column":35}},"loc":{"start":{"line":5,"column":47},"end":{"line":7,"column":3}}}},"branchMap":{"0":{"loc":{"start":{"line":2,"column":2},"end":{"line":2,"column":61}},"type":"if","locations":[{"start":{"line":2,"column":2},"end":{"line":2,"column":61}},{"start":{"line":2,"column":2},"end":{"line":2,"column":61}}]},"1":{"loc":{"start":{"line":3,"column":2},"end":{"line":3,"column":64}},"type":"if","locations":[{"start":{"line":3,"column":2},"end":{"line":3,"column":64}},{"start":{"line":3,"column":2},"end":{"line":3,"column":64}}]}},"s":{"0":2,"1":0,"2":2,"3":0,"4":2,"5":2,"6":6,"7":1},"f":{"0":2,"1":6},"b":{"0":[0,2],"1":[0,2]}}
,"/Users/saracruz/code/labs/jest-demo/src/handlers.ts": {"path":"/Users/saracruz/code/labs/jest-demo/src/handlers.ts","statementMap":{"0":{"start":{"line":9,"column":35},"end":{"line":9,"column":62}},"1":{"start":{"line":9,"column":46},"end":{"line":9,"column":61}},"2":{"start":{"line":11,"column":13},"end":{"line":13,"column":2}},"3":{"start":{"line":12,"column":2},"end":{"line":12,"column":36}},"4":{"start":{"line":15,"column":13},"end":{"line":21,"column":2}},"5":{"start":{"line":16,"column":21},"end":{"line":16,"column":24}},"6":{"start":{"line":17,"column":29},"end":{"line":17,"column":35}},"7":{"start":{"line":18,"column":19},"end":{"line":18,"column":37}},"8":{"start":{"line":20,"column":2},"end":{"line":20,"column":28}}},"fnMap":{"0":{"name":"(anonymous_0)","decl":{"start":{"line":9,"column":35},"end":{"line":9,"column":36}},"loc":{"start":{"line":9,"column":46},"end":{"line":9,"column":61}}},"1":{"name":"(anonymous_1)","decl":{"start":{"line":11,"column":27},"end":{"line":11,"column":28}},"loc":{"start":{"line":11,"column":60},"end":{"line":13,"column":1}}},"2":{"name":"(anonymous_2)","decl":{"start":{"line":15,"column":28},"end":{"line":15,"column":29}},"loc":{"start":{"line":15,"column":60},"end":{"line":21,"column":1}}}},"branchMap":{"0":{"loc":{"start":{"line":17,"column":17},"end":{"line":17,"column":24}},"type":"default-arg","locations":[{"start":{"line":17,"column":17},"end":{"line":17,"column":24}}]}},"s":{"0":1,"1":0,"2":1,"3":0,"4":1,"5":0,"6":0,"7":0,"8":0},"f":{"0":0,"1":0,"2":0},"b":{"0":[0]}}
}
