TN:
SF:src/app.ts
FN:112,calculateMass
FN:116,calculateFuelOfMasses
FN:117,(anonymous_3)
FN:122,totalFuel
FN:124,(anonymous_5)
FN:142,(anonymous_6)
FN:151,position
FN:177,pairs
FNF:8
FNH:8
FNDA:4,calculateMass
FNDA:2,calculateFuelOfMasses
FNDA:4,(anonymous_3)
FNDA:2,totalFuel
FNDA:4,(anonymous_5)
FNDA:7000,(anonymous_6)
FNDA:1,position
FNDA:2,pairs
DA:1,1
DA:2,1
DA:4,1
DA:6,1
DA:7,1
DA:9,1
DA:113,4
DA:117,2
DA:118,4
DA:122,1
DA:123,2
DA:125,4
DA:131,1
DA:138,1
DA:140,1
DA:142,7000
DA:144,1
DA:149,1
DA:152,1
DA:153,1
DA:154,1
DA:155,1
DA:156,1771
DA:157,885
DA:159,886
DA:161,1771
DA:162,1
DA:163,1
DA:166,1
DA:168,1
DA:173,1
DA:175,1
DA:177,1
DA:178,2
DA:179,2
DA:180,2
DA:181,2100
DA:182,215
DA:185,2
DA:187,1
LF:40
LH:40
BRDA:142,0,0,3569
BRDA:142,0,1,3431
BRDA:156,1,0,885
BRDA:156,1,1,886
BRDA:161,2,0,1
BRDA:161,2,1,1770
BRDA:181,3,0,215
BRDA:181,3,1,1885
BRF:8
BRH:8
end_of_record
TN:
SF:src/filterByTerm.ts
FN:1,filterByTerm
FN:5,(anonymous_1)
FNF:2
FNH:2
FNDA:2,filterByTerm
FNDA:6,(anonymous_1)
DA:1,1
DA:2,2
DA:3,2
DA:4,2
DA:5,2
DA:6,6
LF:6
LH:6
BRDA:2,0,0,0
BRDA:2,0,1,2
BRDA:3,1,0,0
BRDA:3,1,1,2
BRF:4
BRH:2
end_of_record
TN:
SF:src/handlers.ts
FN:9,(anonymous_0)
FN:11,(anonymous_1)
FN:15,(anonymous_2)
FNF:3
FNH:0
FNDA:0,(anonymous_0)
FNDA:0,(anonymous_1)
FNDA:0,(anonymous_2)
DA:9,1
DA:11,1
DA:12,0
DA:15,1
DA:16,0
DA:17,0
DA:18,0
DA:20,0
LF:8
LH:3
BRDA:17,0,0,0
BRF:1
BRH:0
end_of_record
